<?xml version='1.0'?>
<ns2:test-suite xmlns:ns2='urn:model.allure.qatools.yandex.ru' start='1591791055177' stop='1591791057111'>
    <name>webdriver.io page</name>
    <title>webdriver.io page</title>
    <test-cases>
        <test-case start='1591791055178' status='failed' stop='1591791057110'>
            <name>should have the right title</name>
            <title>should have the right title</title>
            <labels>
                <label name='language' value='javascript'/>
                <label name='framework' value='wdio'/>
                <label name='thread' value='0-0'/>
            </labels>
            <parameters>
                <parameter kind='argument' name='browser' value='chrome'/>
            </parameters>
            <steps>
                <step start='1591791055184' status='passed' stop='1591791057054'>
                    <name>POST /session/:sessionId/url</name>
                    <title>POST /session/:sessionId/url</title>
                    <attachments>
                        <attachment title='Request' source='8937e6d6-b687-40a3-9a5e-accf451392c0-attachment.json' type='application/json' size='63'/>
                    </attachments>
                    <steps/>
                </step>
                <step start='1591791057055' status='passed' stop='1591791057075'>
                    <name>POST /session/:sessionId/element</name>
                    <title>POST /session/:sessionId/element</title>
                    <attachments>
                        <attachment title='Request' source='adfeb3c6-5794-4f81-b7a7-ae50eb5355ae-attachment.json' type='application/json' size='59'/>
                        <attachment title='Response' source='0e760a66-9d47-40c0-97fe-03c54d3e9955-attachment.json' type='application/json' size='291'/>
                    </attachments>
                    <steps/>
                </step>
                <step start='1591791057082' status='passed' stop='1591791057092'>
                    <name>POST /session/:sessionId/element</name>
                    <title>POST /session/:sessionId/element</title>
                    <attachments>
                        <attachment title='Request' source='d2f47eaa-98f6-48a0-b4ef-62b5edea48d6-attachment.json' type='application/json' size='59'/>
                        <attachment title='Response' source='afc5f07e-5e30-47f1-b1a3-6b89b4b80d2f-attachment.json' type='application/json' size='291'/>
                    </attachments>
                    <steps/>
                </step>
            </steps>
            <attachments/>
            <failure>
                <message>expected false to be true</message>
                <stack-trace>AssertionError: expected false to be true
                    at Context.&lt;anonymous> (/Users/bend/Documents/GitHub/WebdriverIO-TypeScript-Boilerplate/test/example.spec.ts:7:42)</stack-trace>
            </failure>
        </test-case>
    </test-cases>
</ns2:test-suite>