<?xml version='1.0'?>
<ns2:test-suite xmlns:ns2='urn:model.allure.qatools.yandex.ru' start='1591791988405' stop='1591791990317'>
    <name>webdriver.io page</name>
    <title>webdriver.io page</title>
    <test-cases>
        <test-case start='1591791988405' status='failed' stop='1591791990316'>
            <name>should have the right title</name>
            <title>should have the right title</title>
            <labels>
                <label name='language' value='javascript'/>
                <label name='framework' value='wdio'/>
                <label name='thread' value='0-0'/>
            </labels>
            <parameters>
                <parameter kind='argument' name='browser' value='chrome'/>
            </parameters>
            <steps>
                <step start='1591791988409' status='passed' stop='1591791989923'>
                    <name>POST /session/:sessionId/url</name>
                    <title>POST /session/:sessionId/url</title>
                    <attachments>
                        <attachment title='Request' source='87e12373-b2fa-420f-9123-0096291a29ef-attachment.json' type='application/json' size='63'/>
                    </attachments>
                    <steps/>
                </step>
                <step start='1591791989924' status='passed' stop='1591791990041'>
                    <name>POST /session/:sessionId/window/current/size</name>
                    <title>POST /session/:sessionId/window/current/size</title>
                    <attachments>
                        <attachment title='Request' source='83004628-0c0d-482e-9436-ec5f104f54b0-attachment.json' type='application/json' size='36'/>
                    </attachments>
                    <steps/>
                </step>
                <step start='1591791990042' status='passed' stop='1591791990280'>
                    <name>POST /session/:sessionId/element</name>
                    <title>POST /session/:sessionId/element</title>
                    <attachments>
                        <attachment title='Request' source='6374c06d-d3b8-4289-ac40-0306a246962f-attachment.json' type='application/json' size='59'/>
                        <attachment title='Response' source='cfe0177e-7765-48ae-aa1f-60a1f7ef7456-attachment.json' type='application/json' size='282'/>
                    </attachments>
                    <steps/>
                </step>
                <step start='1591791990288' status='passed' stop='1591791990301'>
                    <name>POST /session/:sessionId/element</name>
                    <title>POST /session/:sessionId/element</title>
                    <attachments>
                        <attachment title='Request' source='34b3bff5-f334-4818-be28-47ec3750d85b-attachment.json' type='application/json' size='59'/>
                        <attachment title='Response' source='4ee7cbae-0da4-4cda-b96d-4b6288864036-attachment.json' type='application/json' size='282'/>
                    </attachments>
                    <steps/>
                </step>
            </steps>
            <attachments/>
            <failure>
                <message>expected false to be true</message>
                <stack-trace>AssertionError: expected false to be true
                    at Context.&lt;anonymous> (/Users/bend/Documents/GitHub/WebdriverIO-TypeScript-Boilerplate/test/example.spec.ts:8:42)</stack-trace>
            </failure>
        </test-case>
    </test-cases>
</ns2:test-suite>