<?xml version='1.0'?>
<ns2:test-suite xmlns:ns2='urn:model.allure.qatools.yandex.ru' start='1591791298862' stop='1591791300755'>
    <name>webdriver.io page</name>
    <title>webdriver.io page</title>
    <test-cases>
        <test-case start='1591791298864' status='failed' stop='1591791300754'>
            <name>should have the right title</name>
            <title>should have the right title</title>
            <labels>
                <label name='language' value='javascript'/>
                <label name='framework' value='wdio'/>
                <label name='thread' value='0-0'/>
            </labels>
            <parameters>
                <parameter kind='argument' name='browser' value='chrome'/>
            </parameters>
            <steps>
                <step start='1591791298886' status='passed' stop='1591791300552'>
                    <name>POST /session/:sessionId/url</name>
                    <title>POST /session/:sessionId/url</title>
                    <attachments>
                        <attachment title='Request' source='7322791b-2131-4568-9bb2-2bc2eff9bd70-attachment.json' type='application/json' size='63'/>
                    </attachments>
                    <steps/>
                </step>
                <step start='1591791300553' status='passed' stop='1591791300667'>
                    <name>POST /session/:sessionId/window/current/size</name>
                    <title>POST /session/:sessionId/window/current/size</title>
                    <attachments>
                        <attachment title='Request' source='7c4388d6-bbab-46fe-8b22-5adc8d8b5e3d-attachment.json' type='application/json' size='36'/>
                    </attachments>
                    <steps/>
                </step>
                <step start='1591791300670' status='passed' stop='1591791300696'>
                    <name>POST /session/:sessionId/element</name>
                    <title>POST /session/:sessionId/element</title>
                    <attachments>
                        <attachment title='Request' source='8b306a99-85a0-4b29-8749-acfb9317545a-attachment.json' type='application/json' size='59'/>
                        <attachment title='Response' source='0a0cb031-ae4b-4bb9-b3aa-002510f7dea4-attachment.json' type='application/json' size='282'/>
                    </attachments>
                    <steps/>
                </step>
                <step start='1591791300707' status='passed' stop='1591791300723'>
                    <name>POST /session/:sessionId/element</name>
                    <title>POST /session/:sessionId/element</title>
                    <attachments>
                        <attachment title='Request' source='b5bb428f-27d6-42ac-ba48-c4c5f332b151-attachment.json' type='application/json' size='59'/>
                        <attachment title='Response' source='7ab7e0ef-9cfb-477e-b8e8-5ed95aafaa39-attachment.json' type='application/json' size='282'/>
                    </attachments>
                    <steps/>
                </step>
            </steps>
            <attachments/>
            <failure>
                <message>expected false to be true</message>
                <stack-trace>AssertionError: expected false to be true
                    at Context.&lt;anonymous> (/Users/bend/Documents/GitHub/WebdriverIO-TypeScript-Boilerplate/test/example.spec.ts:8:42)</stack-trace>
            </failure>
        </test-case>
    </test-cases>
</ns2:test-suite>