<?xml version='1.0'?>
<ns2:test-suite xmlns:ns2='urn:model.allure.qatools.yandex.ru' start='1591791215897' stop='1591791218056'>
    <name>webdriver.io page</name>
    <title>webdriver.io page</title>
    <test-cases>
        <test-case start='1591791215898' status='failed' stop='1591791218054'>
            <name>should have the right title</name>
            <title>should have the right title</title>
            <labels>
                <label name='language' value='javascript'/>
                <label name='framework' value='wdio'/>
                <label name='thread' value='0-0'/>
            </labels>
            <parameters>
                <parameter kind='argument' name='browser' value='chrome'/>
            </parameters>
            <steps>
                <step start='1591791215904' status='passed' stop='1591791217730'>
                    <name>POST /session/:sessionId/url</name>
                    <title>POST /session/:sessionId/url</title>
                    <attachments>
                        <attachment title='Request' source='23bfd1ea-46f9-42cd-8154-fcd08590503c-attachment.json' type='application/json' size='63'/>
                    </attachments>
                    <steps/>
                </step>
                <step start='1591791217733' status='passed' stop='1591791217847'>
                    <name>POST /session/:sessionId/window/current/size</name>
                    <title>POST /session/:sessionId/window/current/size</title>
                    <attachments>
                        <attachment title='Request' source='4117fc47-c095-40d6-900c-4f496fa49da5-attachment.json' type='application/json' size='36'/>
                    </attachments>
                    <steps/>
                </step>
                <step start='1591791217848' status='passed' stop='1591791217949'>
                    <name>POST /session/:sessionId/element</name>
                    <title>POST /session/:sessionId/element</title>
                    <attachments>
                        <attachment title='Request' source='13c630f8-e81c-46cd-9499-11b371745f21-attachment.json' type='application/json' size='59'/>
                        <attachment title='Response' source='15fd723f-c697-417b-853f-d778a8860170-attachment.json' type='application/json' size='291'/>
                    </attachments>
                    <steps/>
                </step>
                <step start='1591791217958' status='passed' stop='1591791218029'>
                    <name>POST /session/:sessionId/element</name>
                    <title>POST /session/:sessionId/element</title>
                    <attachments>
                        <attachment title='Request' source='c676bd17-ce29-4875-9a13-2d151743a855-attachment.json' type='application/json' size='59'/>
                        <attachment title='Response' source='cd8bfed5-8be1-4348-9f54-4a3da9133caa-attachment.json' type='application/json' size='291'/>
                    </attachments>
                    <steps/>
                </step>
            </steps>
            <attachments/>
            <failure>
                <message>expected false to be true</message>
                <stack-trace>AssertionError: expected false to be true
                    at Context.&lt;anonymous> (/Users/bend/Documents/GitHub/WebdriverIO-TypeScript-Boilerplate/test/example.spec.ts:8:42)</stack-trace>
            </failure>
        </test-case>
    </test-cases>
</ns2:test-suite>